c:\users\ptrujillo\desktop\trujillo\dofuslike\build\dofuslike.dir\debug\vc143.pdb
c:\users\ptrujillo\desktop\trujillo\dofuslike\build\dofuslike.dir\debug\display.obj
c:\users\ptrujillo\desktop\trujillo\dofuslike\build\dofuslike.dir\debug\animation.obj
c:\users\ptrujillo\desktop\trujillo\dofuslike\build\dofuslike.dir\debug\assets.obj
c:\users\ptrujillo\desktop\trujillo\dofuslike\build\dofuslike.dir\debug\json.obj
c:\users\ptrujillo\desktop\trujillo\dofuslike\build\dofuslike.dir\debug\hud.obj
c:\users\ptrujillo\desktop\trujillo\dofuslike\build\dofuslike.dir\debug\spells.obj
c:\users\ptrujillo\desktop\trujillo\dofuslike\build\dofuslike.dir\debug\lineofsight.obj
c:\users\ptrujillo\desktop\trujillo\dofuslike\build\dofuslike.dir\debug\pathfinding.obj
c:\users\ptrujillo\desktop\trujillo\dofuslike\build\dofuslike.dir\debug\turnsystem.obj
c:\users\ptrujillo\desktop\trujillo\dofuslike\build\dofuslike.dir\debug\pawn.obj
c:\users\ptrujillo\desktop\trujillo\dofuslike\build\dofuslike.dir\debug\entity.obj
c:\users\ptrujillo\desktop\trujillo\dofuslike\build\dofuslike.dir\debug\isometric.obj
c:\users\ptrujillo\desktop\trujillo\dofuslike\build\dofuslike.dir\debug\map.obj
c:\users\ptrujillo\desktop\trujillo\dofuslike\build\dofuslike.dir\debug\app.obj
c:\users\ptrujillo\desktop\trujillo\dofuslike\build\dofuslike.dir\debug\main.obj
c:\users\ptrujillo\desktop\trujillo\dofuslike\build\cmakefiles\generate.stamp
c:\users\ptrujillo\desktop\trujillo\dofuslike\build\debug\dofuslike.exe
c:\users\ptrujillo\desktop\trujillo\dofuslike\build\debug\dofuslike.pdb
c:\users\ptrujillo\desktop\trujillo\dofuslike\build\dofuslike.dir\debug\dofuslike.ilk
c:\users\ptrujillo\desktop\trujillo\dofuslike\build\dofuslike.dir\debug\dofuslike.tlog\cl.command.1.tlog
c:\users\ptrujillo\desktop\trujillo\dofuslike\build\dofuslike.dir\debug\dofuslike.tlog\cl.items.tlog
c:\users\ptrujillo\desktop\trujillo\dofuslike\build\dofuslike.dir\debug\dofuslike.tlog\cl.read.1.tlog
c:\users\ptrujillo\desktop\trujillo\dofuslike\build\dofuslike.dir\debug\dofuslike.tlog\cl.write.1.tlog
c:\users\ptrujillo\desktop\trujillo\dofuslike\build\dofuslike.dir\debug\dofuslike.tlog\custombuild.command.1.tlog
c:\users\ptrujillo\desktop\trujillo\dofuslike\build\dofuslike.dir\debug\dofuslike.tlog\custombuild.read.1.tlog
c:\users\ptrujillo\desktop\trujillo\dofuslike\build\dofuslike.dir\debug\dofuslike.tlog\custombuild.write.1.tlog
c:\users\ptrujillo\desktop\trujillo\dofuslike\build\dofuslike.dir\debug\dofuslike.tlog\link.command.1.tlog
c:\users\ptrujillo\desktop\trujillo\dofuslike\build\dofuslike.dir\debug\dofuslike.tlog\link.read.1.tlog
c:\users\ptrujillo\desktop\trujillo\dofuslike\build\dofuslike.dir\debug\dofuslike.tlog\link.secondary.1.tlog
c:\users\ptrujillo\desktop\trujillo\dofuslike\build\dofuslike.dir\debug\dofuslike.tlog\link.write.1.tlog
